<?xml version="1.0" encoding="UTF-8"?>
<!-- Generated by org.testng.reporters.JUnitReportReporter -->
<testsuite hostname="juliapetz-VirtualBox" failures="0" tests="1" name="testNG.CalculatorTest" time="0.019" errors="0" timestamp="2024-11-03T15:45:19 MEZ" skipped="0">
  <testcase classname="testNG.CalculatorTest" name="testDivideByZeroThrowsException" time="0.019"/>
  <system-out/>
</testsuite> <!-- testNG.CalculatorTest -->
