<?xml version="1.0" encoding="UTF-8"?>
<!-- Generated by org.testng.reporters.JUnitReportReporter -->
<testsuite hostname="juliapetz-VirtualBox" failures="0" tests="5" name="bankingSystem.AccountTest" time="0.041" errors="0" timestamp="2024-11-04T14:01:16 MEZ" skipped="0">
  <testcase classname="bankingSystem.AccountTest" name="testDeposit_InvalidAmount" time="0.003"/>
  <system-out/>
  <testcase classname="bankingSystem.AccountTest" name="testDeposit" time="0.031"/>
  <system-out/>
  <testcase classname="bankingSystem.AccountTest" name="testWithdraw_InvalidAmount" time="0.002"/>
  <system-out/>
  <testcase classname="bankingSystem.AccountTest" name="testWithdraw_Overdraft" time="0.003"/>
  <system-out/>
  <testcase classname="bankingSystem.AccountTest" name="testWithdraw" time="0.002"/>
  <system-out/>
</testsuite> <!-- bankingSystem.AccountTest -->
